================================================================================
IronSQL 重大实现记录
================================================================================

日期: 2026-03-19
时间: 12:00
版本: 0.0.1
作者: AI Assistant

================================================================================
1. 实现概述
================================================================================

本次实现完成了 `link show table from` 语句的功能，允许用户在单个命令中查看多个表的合并数据，无需创建新表。这是对现有 `link table from xxxx to xxxx new xxx` 语法的重要补充和优化。

================================================================================
2. 问题描述
================================================================================

在之前的版本中，用户想要查看多个表的合并数据，必须使用 `link table from xxxx to xxxx new xxx` 语法创建一个新的关联表，然后再查询该新表。这种方式存在以下问题：

- 操作繁琐，需要多步操作
- 创建临时表占用内存
- 语法复杂，不易记忆
- 无法快速查看多个表的关联数据

具体表现：
- 需要先创建关联表，再查询
- 临时表会一直存在，直到被显式删除
- 不支持查看超过两个表的关联数据

================================================================================
3. 实现内容
================================================================================

3.1 新增功能

(1) link show table from 语法
   - 功能: 直接显示多个表的合并数据，无需创建新表
   - 语法: `link show table from database:table1,table2,...`
   - 用途: 快速查看多个表的关联数据，支持两个或更多表

(2) 字段宽度计算优化
   - 功能: 正确计算字段名和数据的宽度
   - 用途: 确保格式化输出时列宽匹配，避免 "field width and row width size not match" 错误

(3) 多表关联支持
   - 功能: 支持两个或更多表的关联
   - 用途: 一次性查看多个相关表的数据

3.2 技术实现

(1) 字段合并逻辑
   - 去重合并所有表的字段
   - 保持字段顺序，优先保留第一个表的字段顺序
   - 为每个字段计算最大宽度

(2) 数据合并逻辑
   - 以第一个表的数据为基础
   - 基于公共字段执行表连接操作
   - 无公共字段时执行简单追加
   - 为每个字段计算最大数据宽度

(3) 错误修复
   - 修复了 "field width and row width size not match" 错误
   - 确保字段宽度和数据宽度向量大小匹配

3.3 代码修改

修改了以下文件：

(1) e:\dev\IronSQL\src\kernel\iron_proces.cpp
   - 优化了 `linkShowTable` 函数中的字段宽度计算逻辑
   - 修复了数据宽度计算逻辑，确保与字段宽度向量大小匹配
   - 添加了详细的注释说明

(2) e:\dev\IronSQL\src\library\iron_fmtout.cpp
   - 确保 `printMultipleTableData` 函数正确处理字段宽度和数据宽度

================================================================================
4. 实现效果
================================================================================

4.1 功能提升

实现前:
- 查看多个表的关联数据需要创建临时表
- 操作步骤多，语法复杂
- 不支持查看超过两个表的关联数据

实现后:
- 直接使用 `link show table from` 命令查看多个表的合并数据
- 操作步骤简化，语法直观
- 支持查看任意数量表的关联数据

4.2 性能优化

- 无需创建临时表，节省内存
- 直接计算并显示结果，减少操作步骤
- 优化了字段宽度和数据宽度的计算，提高格式化输出速度

4.3 测试验证

功能测试结果:
- 编译成功，无警告和错误
- 功能正常，能够正确显示多个表的合并数据
- 修复了 "field width and row width size not match" 错误
- 支持两个或更多表的关联

测试命令:
```
link show table from users:user_roles,user_profile;
link show table from users:user_roles,user_muxt,user_ooxx;
```

测试结果:
- 正确显示合并后的数据
- 字段对齐美观，无宽度不匹配错误
- 支持多表关联（两个或更多表）

================================================================================
5. 技术细节
================================================================================

5.1 字段宽度计算

- 初始化字段宽度向量，大小等于字段数量
- 为每个字段设置宽度为字段名的长度
- 确保字段宽度向量与字段数量匹配

5.2 数据宽度计算

- 初始化数据宽度向量，大小等于字段数量
- 遍历每行数据，为每个字段计算最大数据宽度
- 确保数据宽度向量与字段数量匹配

5.3 多表关联逻辑

- 以第一个表的数据为基础
- 依次处理剩余的表
- 查找表之间的公共字段
- 基于公共字段执行连接操作
- 无公共字段时执行简单追加

================================================================================
6. 与旧语法比较
================================================================================

| 特性 | 旧语法 (link table from xxxx to xxxx new xxx) | 新语法 (link show table from database:table1,table2,...) |
|------|-----------------------------------------------|--------------------------------------------------------|
| 操作步骤 | 多步（创建新表 + 查询新表） | 一步（直接查看合并数据） |
| 内存占用 | 创建临时表，占用内存 | 不创建临时表，节省内存 |
| 语法复杂度 | 复杂，需要指定目标表名 | 简单，直接指定多个表名 |
| 支持的表数量 | 最多两个表 | 任意数量表 |
| 结果持久化 | 结果存储在新表中 | 结果仅显示，不持久化 |
| 使用场景 | 需要保存关联结果时 | 快速查看关联数据时 |

================================================================================
7. 使用示例
================================================================================

7.1 基本用法

```sql
-- 查看两个表的合并数据
link show table from users:user_roles,user_profile;

-- 查看三个表的合并数据
link show table from users:user_roles,user_muxt,user_ooxx;
```

7.2 输出示例

```
IronSQL> link show table from users:user_roles,user_profile;
database name:'users'
table name:'user_roles'
table name:'user_profile'
+----+----------+---------+-----------+
| id | role     | user_id | name      |
+----+----------+---------+-----------+
| 1  | admin    | 1       | Alice     |
| 2  | user     | 2       | Bob       |
| 3  | moderator| 3       | Charlie   |
+----+----------+---------+-----------+
(3 rows)
```

================================================================================
8. 总结
================================================================================

本次实现成功添加了 `link show table from` 语句的功能，为用户提供了一种快速查看多个表合并数据的方法。相比旧的 `link table from xxxx to xxxx new xxx` 语法，新语法更加简洁、高效，无需创建临时表，支持任意数量表的关联。

实现的核心改进：
- 新增了 `link show table from` 语法，支持快速查看多个表的合并数据
- 修复了 "field width and row width size not match" 错误
- 优化了字段宽度和数据宽度的计算逻辑
- 支持两个或更多表的关联

本次实现是一次重大变更，不仅提升了用户体验，也完善了 IronSQL 的功能体系。新语法与旧语法相辅相成，满足不同场景的需求：
- 当需要保存关联结果时，使用旧语法 `link table from xxxx to xxxx new xxx`
- 当需要快速查看关联数据时，使用新语法 `link show table from database:table1,table2,...`

这种设计既保持了向后兼容性，又为用户提供了更灵活的选择。

================================================================================
