================================================================================
IronSQL 代码重构记录
================================================================================

日期: 2026-03-18
时间: 14:33
版本: 0.0.1
作者: AI Assistant

================================================================================
1. 重构概述
================================================================================

本次重构针对 `linkShowTable` 函数进行了代码扁平化处理，解决了原有代码嵌套层级过深、
可读性差、维护困难的问题。重构遵循 Linus Torvalds 的低嵌套编程风格，
同时添加了标准的 Google 风格注解。

================================================================================
2. 问题描述
================================================================================

原有 `linkShowTable` 函数存在以下问题：
- 嵌套层级过深（最多达到 6-7 层）
- 代码逻辑复杂，难以阅读和维护
- 缺少详细的函数文档注释
- 数据合并逻辑与主函数耦合度高
- 存在重复代码（如字段映射逻辑）

具体表现：
- 函数体长达 250+ 行
- 包含大量嵌套的 if-else 和 for 循环
- 相同逻辑代码重复出现（如字段查找和映射）
- 缺少模块化设计

================================================================================
3. 重构内容
================================================================================

3.1 新增辅助函数

在 `IronProces::Detail` 命名空间中新增了 4 个辅助函数：

(1) createMappedRow()
   - 功能: 创建映射到指定字段的行数据
   - 参数: 表结构、源行数据、目标字段列表
   - 返回: 映射后的行数据
   - 用途: 将源表行数据映射到合并后的字段结构中

(2) findCommonFields()
   - 功能: 查找表之间的公共字段
   - 参数: 表结构、字段列表
   - 返回: 公共字段列表
   - 用途: 确定表之间是否有可用于连接的公共字段

(3) mergeWithJoin()
   - 功能: 基于公共字段执行表连接操作
   - 参数: 当前表、合并数据、字段列表、公共字段
   - 用途: 当表之间有公共字段时，基于第一个公共字段进行行合并

(4) appendTableData()
   - 功能: 处理无公共字段时的简单追加操作
   - 参数: 当前表、合并数据、字段列表
   - 用途: 当表之间无公共字段时，简单地将行数据追加到结果中

3.2 修改主函数

修改了 `linkShowTable()` 主函数：
- 简化了主函数逻辑，只保留流程控制
- 将复杂的数据合并逻辑委托给辅助函数
- 减少了嵌套层级（从 6-7 层降低到 2-3 层）
- 代码行数从 250+ 行减少到约 50 行

3.3 添加文档注释

为所有函数添加了 Google 风格的文档注释：
- 使用 @brief 简要描述函数功能
- 使用 @param 详细说明每个参数的含义
- 使用 @return 说明返回值的含义（如有）
- 保持注释格式统一、专业

3.4 命名空间组织

- 创建了 `IronProces::Detail` 命名空间，用于存放辅助函数
- 保持了主命名空间的整洁性
- 提高了代码的模块化程度

================================================================================
4. 重构效果
================================================================================

4.1 代码可读性提升

重构前:
- 函数体 250+ 行，嵌套层级深
- 难以快速理解代码逻辑
- 维护成本高

重构后:
- 主函数仅 50 行左右，逻辑清晰
- 辅助函数职责单一，易于理解
- 总代码量增加，但可维护性大幅提升

4.2 代码结构优化

重构前:
linkShowTable()
  ├─ 验证逻辑
  ├─ 字段合并
  └─ 数据合并 (200+ 行，嵌套深)
      ├─ 第一个表数据处理 (50+ 行)
      └─ 剩余表处理 (150+ 行)
          ├─ 公共字段检查
          ├─ 连接模式处理 (100+ 行)
          │   ├─ 连接值映射构建
          │   ├─ 数据合并
          │   └─ 未匹配行处理
          └─ 简单追加模式 (50+ 行)

重构后:
linkShowTable()
  ├─ 验证逻辑
  ├─ 字段合并
  └─ 数据合并 (委托给辅助函数)
      ├─ createMappedRow()
      ├─ findCommonFields()
      ├─ mergeWithJoin()
      └─ appendTableData()

4.3 测试验证

功能测试结果:
- 编译成功，无警告和错误
- 功能完全保持不变
- 数据合并逻辑正确
- 测试用例通过

测试命令:
link show table from users.user_roles, users.user_profile;

测试结果:
- 重构前: 正确返回合并后的数据
- 重构后: 正确返回合并后的数据
- 数据内容完全一致

================================================================================
5. 技术细节
================================================================================

5.1 减少嵌套的技巧

(1) 提取辅助函数
   将复杂的嵌套逻辑提取为独立函数，降低主函数复杂度

(2) 使用命名空间
   将辅助函数组织到专门的命名空间中，提高代码的模块化程度

(3) 函数职责单一
   每个辅助函数只负责一项具体功能，提高代码的可读性和可维护性

5.2 Google 风格注解规范

- 使用 @brief 简要描述函数功能
- 使用 @param 详细说明参数
- 使用 @return 说明返回值
- 保持注释简洁、准确、完整

5.3 代码优化技巧

- 使用 reserve() 预分配容器空间，提高性能
- 使用 lambda 表达式简化字段查找逻辑
- 合理使用 const 引用，避免不必要的拷贝

================================================================================
6. 修改文件清单
================================================================================

修改的文件:
1. e:\dev\IronSQL\src\kernel\iron_proces.cpp
   - 修改 linkShowTable() 主函数
   - 新增 IronProces::Detail 命名空间
   - 在命名空间中添加 4 个辅助函数
   - 添加 Google 风格注释

================================================================================
7. 总结
================================================================================

本次重构成功地将 `linkShowTable` 函数从高嵌套、低可读性的状态重构为低嵌套、
高可读性的状态。通过提取辅助函数、组织命名空间和添加详细注释，代码的可维护性得到了
显著提升。重构后的代码更符合现代 C++ 编程规范和 Linus 的编程风格。

重构遵循的原则:
- 单一职责原则: 每个函数只做一件事
- 开闭原则: 易于扩展，无需修改现有代码
- 代码扁平化: 减少嵌套层级
- 文档完善: 添加详细的函数注释
- 模块化设计: 使用命名空间组织辅助函数

本次重构是一次重大变更，不仅提高了代码质量，也为后续的维护和扩展奠定了良好的基础。

================================================================================
