================================================================================
IronSQL Bug 修复记录
================================================================================

日期: 2026-03-27
时间: 18:30
版本: 0.0.1
作者: AI Assistant

================================================================================
1. 问题描述
================================================================================

在使用 `link show table from` 语句时，当用户指定了数据库名称（绝对查询格式，如 `users:user_profile,user_account`），
但之前已经执行了 `use` 命令选择了其他数据库，系统会忽略用户指定的数据库名称，继续使用之前选择的数据库，导致表不存在错误。

具体表现：
- 执行 `use systems;` 后，再执行 `link show table from users:user_profile,user_account;`
- 系统会在 `systems` 数据库中查找 `user_profile` 表，而不是在 `users` 数据库中查找
- 报错：`error: table not exist: 'user_profile'`

================================================================================
2. 问题原因
================================================================================

问题出在 `linkShowMultipleTableDatas` 函数中，具体位置是 `src/library/iron_server.cpp:249`。

原代码逻辑：
```cpp
if (database_name == IronKeywds::Kw::none_() && deli_pos != std::string::npos)
{
    database_name = query.substr(0, deli_pos);
    IronHandle::Strings::strip(database_name);
}
```

错误原因：
- 条件判断过于严格，只有当当前没有选择数据库（`database_name == IronKeywds::Kw::none_()`）并且查询中包含数据库名称（`deli_pos != std::string::npos`）时，才会使用查询中指定的数据库名称
- 忽略用户明确指定的数据库，不符合 SQL 语法习惯

================================================================================
3. 修复内容
================================================================================

3.1 修复方案

修改 `linkShowMultipleTableDatas` 函数中的条件判断逻辑，使其在用户指定数据库名称时总是使用指定的数据库名称，而不管当前是否已经选择了数据库。

修复后的代码：
```cpp
if (deli_pos != std::string::npos)
{
    database_name = query.substr(0, deli_pos);
    IronHandle::Strings::strip(database_name);
}
```

3.2 技术实现

- 移除了 `database_name == IronKeywds::Kw::none_()` 的条件判断
- 当查询中包含 `:` 时（绝对查询格式），无论当前是否已经选择了数据库，都使用查询中指定的数据库
- 当查询中不包含 `:` 时（相对查询格式），使用当前选择的数据库

================================================================================
4. 代码修改
================================================================================

修改了以下文件：

(1) e:\dev\IronSQL\src\library\iron_server.cpp
   - 修改了 `linkShowMultipleTableDatas` 函数中的条件判断逻辑
   - 添加了注释说明修复内容

================================================================================
5. 测试验证
================================================================================

5.1 测试场景

场景 1：绝对查询（包含 `:`）
- 命令：`link show table from users:user_profile,user_account;`
- 预期结果：使用 `users` 数据库，正确显示合并后的数据
- 实际结果：成功显示合并后的数据

场景 2：相对查询（不包含 `:`）
- 命令：先 `use users;` 然后 `link show table from user_profile,user_account;`
- 预期结果：使用当前选择的 `users` 数据库，正确显示合并后的数据
- 实际结果：成功显示合并后的数据

场景 3：修复前的问题场景
- 命令：先 `use systems;` 然后 `link show table from users:user_profile,user_account;`
- 预期结果：使用 `users` 数据库，正确显示合并后的数据
- 实际结果：成功显示合并后的数据，不再报错

5.2 测试结果

- 编译成功，无警告和错误
- 功能正常，能够正确处理绝对查询和相对查询
- 修复了表不存在错误
- 支持两个或更多表的关联

测试命令：
```
link show table from users:user_profile,user_account;
```

测试结果：
```
+--+-------+-------------+------------------+--------------------+----------+--------+-----------+-----------------+-----------+-------------+
|id|user_id|nickname     |avatar            |bio                 |birthday  |username|password   |email            |phone      |register_date|
+--+-------+-------------+------------------+--------------------+----------+--------+-----------+-----------------+-----------+-------------+
|1 |1      |Administrator|/avatars/admin.jpg|System Administrator|1990-01-01|admin   |admin123   |admin@example.com|13800138000|2026-01-01   |
|2 |2      |Test User 1  |/avatars/user1.jpg|Regular User        |1995-05-15|user1   |password123|user1@example.com|13900139000|2026-01-10   |
|3 |3      |Test User 2  |/avatars/user2.jpg|Regular User        |1998-08-20|user2   |password456|user2@example.com|13700137000|2026-01-15   |
+--+-------+-------------+------------------+--------------------+----------+--------+-----------+-----------------+-----------+-------------+
```

================================================================================
6. 修复效果
================================================================================

6.1 功能提升

修复前：
- 当使用绝对查询格式时，如果之前已经选择了其他数据库，会忽略用户指定的数据库
- 导致表不存在错误

修复后：
- 当使用绝对查询格式时，无论当前是否已经选择了数据库，都使用用户指定的数据库
- 正确处理绝对查询和相对查询
- 不再报错

6.2 技术改进

- 符合 SQL 语法习惯，优先使用用户指定的数据库
- 逻辑更加简洁明了
- 提高了命令执行的可靠性

================================================================================
7. 总结
================================================================================

本次修复成功解决了 `link show table from` 语句在使用绝对查询格式时的数据库选择问题。修复后，系统能够正确处理以下情况：

- 当使用绝对查询格式（如 `users:user_profile,user_account`）时，无论当前是否已经选择了数据库，都使用用户指定的数据库
- 当使用相对查询格式（如 `user_profile,user_account`）时，使用当前选择的数据库

这种设计符合 SQL 语法习惯，提高了命令执行的可靠性和用户体验。

修复的核心改进：
- 修改了 `linkShowMultipleTableDatas` 函数中的条件判断逻辑
- 优先使用用户指定的数据库，符合 SQL 语法习惯
- 确保了绝对查询和相对查询的正确处理

本次修复是一次重要的 bug 修复，解决了用户在使用 `link show table from` 语句时可能遇到的表不存在错误，提高了 IronSQL 的稳定性和用户体验。

================================================================================
